<?xml version="1.0" encoding="UTF-8"?>
<testng-results ignored="0" total="1" passed="1" failed="0" skipped="0">
  <reporter-output>
  </reporter-output>
  <suite started-at="2021-11-13T00:31:50 EET" name="Default suite" finished-at="2021-11-13T00:31:54 EET" duration-ms="3902">
    <groups>
    </groups>
    <test started-at="2021-11-13T00:31:50 EET" name="Default test" finished-at="2021-11-13T00:31:54 EET" duration-ms="3902">
      <class name="tests.ApiTerkwaz.Randomcatfact">
        <test-method is-config="true" signature="declaration()[pri:0, instance:tests.ApiTerkwaz.Randomcatfact@7ce3cb8e]" started-at="2021-11-13T00:31:50 EET" name="declaration" finished-at="2021-11-13T00:31:51 EET" duration-ms="648" status="PASS">
          <reporter-output>
          </reporter-output>
        </test-method> <!-- declaration -->
        <test-method signature="getcatfactrandomly()[pri:0, instance:tests.ApiTerkwaz.Randomcatfact@7ce3cb8e]" started-at="2021-11-13T00:31:51 EET" name="getcatfactrandomly" finished-at="2021-11-13T00:31:54 EET" duration-ms="3220" status="PASS">
          <reporter-output>
          </reporter-output>
        </test-method> <!-- getcatfactrandomly -->
      </class> <!-- tests.ApiTerkwaz.Randomcatfact -->
    </test> <!-- Default test -->
  </suite> <!-- Default suite -->
</testng-results>
